This is an error log file of the game server.
You may use like `tail -f KKUTU_ERROR.log` to watch this.
:8496 [2019-1-27 15:57:07] ERROR: TypeError: Cannot read property 'charCodeAt' of undefined
TypeError: Cannot read property 'charCodeAt' of undefined
    at exports.Room.getSubChar (C:\Users\MHI\Downloads\KKuTu-master\KKuTu-master\Server\lib\Game\games\classic.js:567:18)
    at exports.Room.exports.roundReady (C:\Users\MHI\Downloads\KKuTu-master\KKuTu-master\Server\lib\Game\games\classic.js:138:38)
    at exports.Room.my.route.my.routeSync (C:\Users\MHI\Downloads\KKuTu-master\KKuTu-master\Server\lib\Game\kkutu.js:1333:13)
    at Timeout.my.roundReady [as _onTimeout] (C:\Users\MHI\Downloads\KKuTu-master\KKuTu-master\Server\lib\Game\kkutu.js:1139:13)
    at listOnTimeout (timers.js:324:15)
    at processTimers (timers.js:268:5):8496 [2019-1-27 15:57:31] ERROR: TypeError: Cannot read property 'charCodeAt' of undefined
TypeError: Cannot read property 'charCodeAt' of undefined
    at exports.Room.getSubChar (C:\Users\MHI\Downloads\KKuTu-master\KKuTu-master\Server\lib\Game\games\classic.js:568:18)
    at exports.Room.exports.roundReady (C:\Users\MHI\Downloads\KKuTu-master\KKuTu-master\Server\lib\Game\games\classic.js:139:38)
    at exports.Room.my.route.my.routeSync (C:\Users\MHI\Downloads\KKuTu-master\KKuTu-master\Server\lib\Game\kkutu.js:1333:13)
    at Timeout.my.roundReady [as _onTimeout] (C:\Users\MHI\Downloads\KKuTu-master\KKuTu-master\Server\lib\Game\kkutu.js:1139:13)
    at listOnTimeout (timers.js:324:15)
    at processTimers (timers.js:268:5):8496 [2019-1-27 15:58:16] ERROR: TypeError: Cannot read property 'charCodeAt' of undefined
TypeError: Cannot read property 'charCodeAt' of undefined
    at exports.Room.getSubChar (C:\Users\MHI\Downloads\KKuTu-master\KKuTu-master\Server\lib\Game\games\classic.js:568:18)
    at exports.Room.exports.roundReady (C:\Users\MHI\Downloads\KKuTu-master\KKuTu-master\Server\lib\Game\games\classic.js:139:38)
    at exports.Room.my.route.my.routeSync (C:\Users\MHI\Downloads\KKuTu-master\KKuTu-master\Server\lib\Game\kkutu.js:1333:13)
    at Timeout.my.roundReady [as _onTimeout] (C:\Users\MHI\Downloads\KKuTu-master\KKuTu-master\Server\lib\Game\kkutu.js:1139:13)
    at listOnTimeout (timers.js:324:15)
    at processTimers (timers.js:268:5):8496 [2019-1-27 16:00:43] ERROR: TypeError: Cannot read property 'charCodeAt' of undefined
TypeError: Cannot read property 'charCodeAt' of undefined
    at exports.Room.getSubChar (C:\Users\MHI\Downloads\KKuTu-master\KKuTu-master\Server\lib\Game\games\classic.js:568:18)
    at exports.Room.exports.roundReady (C:\Users\MHI\Downloads\KKuTu-master\KKuTu-master\Server\lib\Game\games\classic.js:139:38)
    at exports.Room.my.route.my.routeSync (C:\Users\MHI\Downloads\KKuTu-master\KKuTu-master\Server\lib\Game\kkutu.js:1333:13)
    at Timeout.my.roundReady [as _onTimeout] (C:\Users\MHI\Downloads\KKuTu-master\KKuTu-master\Server\lib\Game\kkutu.js:1139:13)
    at listOnTimeout (timers.js:324:15)
    at processTimers (timers.js:268:5):8496 [2019-1-27 22:43:43] ERROR: TypeError: Cannot read property '_id' of null
TypeError: Cannot read property '_id' of null
    at C:\Users\MHI\Downloads\KKuTu-master\KKuTu-master\Server\lib\Game\games\jaqwi.js:62:27
    at exports.Tail.go (C:\Users\MHI\Downloads\KKuTu-master\KKuTu-master\Server\lib\sub\lizard.js:43:16)
    at C:\Users\MHI\Downloads\KKuTu-master\KKuTu-master\Server\lib\Game\games\jaqwi.js:249:21
    at callback (C:\Users\MHI\Downloads\KKuTu-master\KKuTu-master\Server\lib\sub\collection.js:316:13)
    at Result.preCB (C:\Users\MHI\Downloads\KKuTu-master\KKuTu-master\Server\lib\sub\collection.js:298:6)
    at Result.Query.handleReadyForQuery (C:\Users\MHI\Downloads\KKuTu-master\KKuTu-master\Server\lib\node_modules\pg\lib\query.js:144:10)
    at Connection.<anonymous> (C:\Users\MHI\Downloads\KKuTu-master\KKuTu-master\Server\lib\node_modules\pg\lib\client.js:180:19)
    at Connection.emit (events.js:189:13)
    at Socket.<anonymous> (C:\Users\MHI\Downloads\KKuTu-master\KKuTu-master\Server\lib\node_modules\pg\lib\connection.js:133:12)
    at Socket.emit (events.js:189:13):8496 [2019-1-27 22:49:42] ERROR: TypeError: Cannot read property '_id' of null
TypeError: Cannot read property '_id' of null
    at C:\Users\MHI\Downloads\KKuTu-master\KKuTu-master\Server\lib\Game\games\jaqwi.js:62:27
    at exports.Tail.go (C:\Users\MHI\Downloads\KKuTu-master\KKuTu-master\Server\lib\sub\lizard.js:43:16)
    at C:\Users\MHI\Downloads\KKuTu-master\KKuTu-master\Server\lib\Game\games\jaqwi.js:249:21
    at callback (C:\Users\MHI\Downloads\KKuTu-master\KKuTu-master\Server\lib\sub\collection.js:316:13)
    at Result.preCB (C:\Users\MHI\Downloads\KKuTu-master\KKuTu-master\Server\lib\sub\collection.js:298:6)
    at Result.Query.handleReadyForQuery (C:\Users\MHI\Downloads\KKuTu-master\KKuTu-master\Server\lib\node_modules\pg\lib\query.js:144:10)
    at Connection.<anonymous> (C:\Users\MHI\Downloads\KKuTu-master\KKuTu-master\Server\lib\node_modules\pg\lib\client.js:180:19)
    at Connection.emit (events.js:189:13)
    at Socket.<anonymous> (C:\Users\MHI\Downloads\KKuTu-master\KKuTu-master\Server\lib\node_modules\pg\lib\connection.js:133:12)
    at Socket.emit (events.js:189:13):8496 [2019-1-28 03:19:42] ERROR: TypeError: Cannot read property '_id' of null
TypeError: Cannot read property '_id' of null
    at C:\Users\MHI\Downloads\KKuTu-master\KKuTu-master\Server\lib\Game\games\jaqwi.js:62:27
    at exports.Tail.go (C:\Users\MHI\Downloads\KKuTu-master\KKuTu-master\Server\lib\sub\lizard.js:43:16)
    at C:\Users\MHI\Downloads\KKuTu-master\KKuTu-master\Server\lib\Game\games\jaqwi.js:249:21
    at callback (C:\Users\MHI\Downloads\KKuTu-master\KKuTu-master\Server\lib\sub\collection.js:316:13)
    at Result.preCB (C:\Users\MHI\Downloads\KKuTu-master\KKuTu-master\Server\lib\sub\collection.js:298:6)
    at Result.Query.handleReadyForQuery (C:\Users\MHI\Downloads\KKuTu-master\KKuTu-master\Server\lib\node_modules\pg\lib\query.js:144:10)
    at Connection.<anonymous> (C:\Users\MHI\Downloads\KKuTu-master\KKuTu-master\Server\lib\node_modules\pg\lib\client.js:180:19)
    at Connection.emit (events.js:189:13)
    at Socket.<anonymous> (C:\Users\MHI\Downloads\KKuTu-master\KKuTu-master\Server\lib\node_modules\pg\lib\connection.js:133:12)
    at Socket.emit (events.js:189:13):8496 [2019-1-28 03:21:27] ERROR: TypeError: Cannot read property '_id' of null
TypeError: Cannot read property '_id' of null
    at C:\Users\MHI\Downloads\KKuTu-master\KKuTu-master\Server\lib\Game\games\jaqwi.js:62:27
    at exports.Tail.go (C:\Users\MHI\Downloads\KKuTu-master\KKuTu-master\Server\lib\sub\lizard.js:43:16)
    at C:\Users\MHI\Downloads\KKuTu-master\KKuTu-master\Server\lib\Game\games\jaqwi.js:249:21
    at callback (C:\Users\MHI\Downloads\KKuTu-master\KKuTu-master\Server\lib\sub\collection.js:316:13)
    at Result.preCB (C:\Users\MHI\Downloads\KKuTu-master\KKuTu-master\Server\lib\sub\collection.js:298:6)
    at Result.Query.handleReadyForQuery (C:\Users\MHI\Downloads\KKuTu-master\KKuTu-master\Server\lib\node_modules\pg\lib\query.js:144:10)
    at Connection.<anonymous> (C:\Users\MHI\Downloads\KKuTu-master\KKuTu-master\Server\lib\node_modules\pg\lib\client.js:180:19)
    at Connection.emit (events.js:189:13)
    at Socket.<anonymous> (C:\Users\MHI\Downloads\KKuTu-master\KKuTu-master\Server\lib\node_modules\pg\lib\connection.js:133:12)
    at Socket.emit (events.js:189:13):8496 [2019-1-28 03:21:57] ERROR: TypeError: Cannot read property '_id' of null
TypeError: Cannot read property '_id' of null
    at C:\Users\MHI\Downloads\KKuTu-master\KKuTu-master\Server\lib\Game\games\jaqwi.js:62:27
    at exports.Tail.go (C:\Users\MHI\Downloads\KKuTu-master\KKuTu-master\Server\lib\sub\lizard.js:43:16)
    at C:\Users\MHI\Downloads\KKuTu-master\KKuTu-master\Server\lib\Game\games\jaqwi.js:249:21
    at callback (C:\Users\MHI\Downloads\KKuTu-master\KKuTu-master\Server\lib\sub\collection.js:316:13)
    at Result.preCB (C:\Users\MHI\Downloads\KKuTu-master\KKuTu-master\Server\lib\sub\collection.js:298:6)
    at Result.Query.handleReadyForQuery (C:\Users\MHI\Downloads\KKuTu-master\KKuTu-master\Server\lib\node_modules\pg\lib\query.js:144:10)
    at Connection.<anonymous> (C:\Users\MHI\Downloads\KKuTu-master\KKuTu-master\Server\lib\node_modules\pg\lib\client.js:180:19)
    at Connection.emit (events.js:189:13)
    at Socket.<anonymous> (C:\Users\MHI\Downloads\KKuTu-master\KKuTu-master\Server\lib\node_modules\pg\lib\connection.js:133:12)
    at Socket.emit (events.js:189:13):8496 [2019-1-28 03:28:32] ERROR: TypeError: Cannot read property '_id' of null
TypeError: Cannot read property '_id' of null
    at C:\Users\MHI\Downloads\KKuTu-master\KKuTu-master\Server\lib\Game\games\jaqwi.js:62:27
    at exports.Tail.go (C:\Users\MHI\Downloads\KKuTu-master\KKuTu-master\Server\lib\sub\lizard.js:43:16)
    at C:\Users\MHI\Downloads\KKuTu-master\KKuTu-master\Server\lib\Game\games\jaqwi.js:249:21
    at callback (C:\Users\MHI\Downloads\KKuTu-master\KKuTu-master\Server\lib\sub\collection.js:316:13)
    at Result.preCB (C:\Users\MHI\Downloads\KKuTu-master\KKuTu-master\Server\lib\sub\collection.js:298:6)
    at Result.Query.handleReadyForQuery (C:\Users\MHI\Downloads\KKuTu-master\KKuTu-master\Server\lib\node_modules\pg\lib\query.js:144:10)
    at Connection.<anonymous> (C:\Users\MHI\Downloads\KKuTu-master\KKuTu-master\Server\lib\node_modules\pg\lib\client.js:180:19)
    at Connection.emit (events.js:189:13)
    at Socket.<anonymous> (C:\Users\MHI\Downloads\KKuTu-master\KKuTu-master\Server\lib\node_modules\pg\lib\connection.js:133:12)
    at Socket.emit (events.js:189:13):8496 [2019-1-28 21:15:41] ERROR: ReferenceError: opts is not defined
ReferenceError: opts is not defined
    at C:\Users\MHI\Downloads\KKuTu-master\KKuTu-master\Server\lib\Game\games\classic.js:277:21
    at exports.Tail.go (C:\Users\MHI\Downloads\KKuTu-master\KKuTu-master\Server\lib\sub\lizard.js:43:16)
    at C:\Users\MHI\Downloads\KKuTu-master\KKuTu-master\Server\lib\Game\games\classic.js:484:20
    at callback (C:\Users\MHI\Downloads\KKuTu-master\KKuTu-master\Server\lib\sub\collection.js:316:13)
    at Result.preCB (C:\Users\MHI\Downloads\KKuTu-master\KKuTu-master\Server\lib\sub\collection.js:298:6)
    at Result.Query.handleReadyForQuery (C:\Users\MHI\Downloads\KKuTu-master\KKuTu-master\Server\lib\node_modules\pg\lib\query.js:144:10)
    at Connection.<anonymous> (C:\Users\MHI\Downloads\KKuTu-master\KKuTu-master\Server\lib\node_modules\pg\lib\client.js:180:19)
    at Connection.emit (events.js:189:13)
    at Socket.<anonymous> (C:\Users\MHI\Downloads\KKuTu-master\KKuTu-master\Server\lib\node_modules\pg\lib\connection.js:133:12)
    at Socket.emit (events.js:189:13):8496 [2019-1-28 21:17:14] ERROR: ReferenceError: opts is not defined
ReferenceError: opts is not defined
    at C:\Users\MHI\Downloads\KKuTu-master\KKuTu-master\Server\lib\Game\games\classic.js:277:21
    at exports.Tail.go (C:\Users\MHI\Downloads\KKuTu-master\KKuTu-master\Server\lib\sub\lizard.js:43:16)
    at C:\Users\MHI\Downloads\KKuTu-master\KKuTu-master\Server\lib\Game\games\classic.js:484:20
    at callback (C:\Users\MHI\Downloads\KKuTu-master\KKuTu-master\Server\lib\sub\collection.js:316:13)
    at Result.preCB (C:\Users\MHI\Downloads\KKuTu-master\KKuTu-master\Server\lib\sub\collection.js:298:6)
    at Result.Query.handleReadyForQuery (C:\Users\MHI\Downloads\KKuTu-master\KKuTu-master\Server\lib\node_modules\pg\lib\query.js:144:10)
    at Connection.<anonymous> (C:\Users\MHI\Downloads\KKuTu-master\KKuTu-master\Server\lib\node_modules\pg\lib\client.js:180:19)
    at Connection.emit (events.js:189:13)
    at Socket.<anonymous> (C:\Users\MHI\Downloads\KKuTu-master\KKuTu-master\Server\lib\node_modules\pg\lib\connection.js:133:12)
    at Socket.emit (events.js:189:13):8496 [2019-1-29 13:13:55] ERROR: TypeError: Cannot read property '_id' of null
TypeError: Cannot read property '_id' of null
    at C:\Users\MHI\Downloads\KKuTu-master\KKuTu-master\Server\lib\Game\games\jaqwi.js:62:27
    at exports.Tail.go (C:\Users\MHI\Downloads\KKuTu-master\KKuTu-master\Server\lib\sub\lizard.js:43:16)
    at C:\Users\MHI\Downloads\KKuTu-master\KKuTu-master\Server\lib\Game\games\jaqwi.js:249:21
    at callback (C:\Users\MHI\Downloads\KKuTu-master\KKuTu-master\Server\lib\sub\collection.js:316:13)
    at Result.preCB (C:\Users\MHI\Downloads\KKuTu-master\KKuTu-master\Server\lib\sub\collection.js:298:6)
    at Result.Query.handleReadyForQuery (C:\Users\MHI\Downloads\KKuTu-master\KKuTu-master\Server\lib\node_modules\pg\lib\query.js:144:10)
    at Connection.<anonymous> (C:\Users\MHI\Downloads\KKuTu-master\KKuTu-master\Server\lib\node_modules\pg\lib\client.js:180:19)
    at Connection.emit (events.js:189:13)
    at Socket.<anonymous> (C:\Users\MHI\Downloads\KKuTu-master\KKuTu-master\Server\lib\node_modules\pg\lib\connection.js:133:12)
    at Socket.emit (events.js:189:13):8496 [2019-1-29 14:14:44] ERROR: TypeError: Cannot read property '_id' of null
TypeError: Cannot read property '_id' of null
    at C:\Users\MHI\Downloads\KKuTu-master\KKuTu-master\Server\lib\Game\games\jaqwi.js:62:27
    at exports.Tail.go (C:\Users\MHI\Downloads\KKuTu-master\KKuTu-master\Server\lib\sub\lizard.js:43:16)
    at C:\Users\MHI\Downloads\KKuTu-master\KKuTu-master\Server\lib\Game\games\jaqwi.js:249:21
    at callback (C:\Users\MHI\Downloads\KKuTu-master\KKuTu-master\Server\lib\sub\collection.js:316:13)
    at Result.preCB (C:\Users\MHI\Downloads\KKuTu-master\KKuTu-master\Server\lib\sub\collection.js:298:6)
    at Result.Query.handleReadyForQuery (C:\Users\MHI\Downloads\KKuTu-master\KKuTu-master\Server\lib\node_modules\pg\lib\query.js:144:10)
    at Connection.<anonymous> (C:\Users\MHI\Downloads\KKuTu-master\KKuTu-master\Server\lib\node_modules\pg\lib\client.js:180:19)
    at Connection.emit (events.js:189:13)
    at Socket.<anonymous> (C:\Users\MHI\Downloads\KKuTu-master\KKuTu-master\Server\lib\node_modules\pg\lib\connection.js:133:12)
    at Socket.emit (events.js:189:13)